10:00:46: [INFO] [C:\Users\ZhaoLo\projects\bootcamp\autonomy-2025-p2\modules\common\modules\logger\logger_main_setup.py | setup_main_logger | 62] main logger initialized
10:00:47: [INFO] [C:\Users\ZhaoLo\projects\bootcamp\autonomy-2025-p2\tests\integration\test_telemetry.py | main | 114] Connected!
10:00:48: [INFO] [C:\Users\ZhaoLo\projects\bootcamp\autonomy-2025-p2\tests\integration\test_telemetry.py | read_queue | 69] {
            time_since_boot: 333,
            x: 0.0,
            y: 0.0,
            z: 0.0,
            x_velocity: 1.0,
            y_velocity: 0.0,
            z_velocity: 0.0,
            roll: 0.0,
            pitch: 0.0,
            yaw: 1.0471975803375244,
            roll_speed: 0.0,
            pitch_speed: 0.0,
            yaw_speed: 3.1415927410125732
        }
10:00:49: [INFO] [C:\Users\ZhaoLo\projects\bootcamp\autonomy-2025-p2\tests\integration\test_telemetry.py | read_queue | 69] {
            time_since_boot: 666,
            x: 0.5,
            y: 0.0,
            z: 0.0,
            x_velocity: 1.0,
            y_velocity: 0.0,
            z_velocity: 0.0,
            roll: 0.0,
            pitch: 0.0,
            yaw: 2.094395160675049,
            roll_speed: 0.0,
            pitch_speed: 0.0,
            yaw_speed: 3.1415927410125732
        }
10:00:50: [INFO] [C:\Users\ZhaoLo\projects\bootcamp\autonomy-2025-p2\tests\integration\test_telemetry.py | read_queue | 69] {
            time_since_boot: 1333,
            x: 1.0,
            y: 0.0,
            z: 0.0,
            x_velocity: 1.0,
            y_velocity: 0.0,
            z_velocity: 0.0,
            roll: 0.0,
            pitch: 0.0,
            yaw: -2.094395160675049,
            roll_speed: 0.0,
            pitch_speed: 0.0,
            yaw_speed: 3.1415927410125732
        }
10:00:51: [INFO] [C:\Users\ZhaoLo\projects\bootcamp\autonomy-2025-p2\tests\integration\test_telemetry.py | read_queue | 69] {
            time_since_boot: 1666,
            x: 1.5,
            y: 0.0,
            z: 0.0,
            x_velocity: 1.0,
            y_velocity: 0.0,
            z_velocity: 0.0,
            roll: 0.0,
            pitch: 0.0,
            yaw: -1.0471975803375244,
            roll_speed: 0.0,
            pitch_speed: 0.0,
            yaw_speed: 3.1415927410125732
        }
10:00:52: [INFO] [C:\Users\ZhaoLo\projects\bootcamp\autonomy-2025-p2\tests\integration\test_telemetry.py | read_queue | 69] {
            time_since_boot: 2333,
            x: 2.0,
            y: 0.0,
            z: 0.0,
            x_velocity: 1.0,
            y_velocity: 0.0,
            z_velocity: 0.0,
            roll: 0.0,
            pitch: 0.0,
            yaw: 1.0471975803375244,
            roll_speed: 0.0,
            pitch_speed: 0.0,
            yaw_speed: 3.1415927410125732
        }
10:00:53: [INFO] [C:\Users\ZhaoLo\projects\bootcamp\autonomy-2025-p2\tests\integration\test_telemetry.py | read_queue | 69] {
            time_since_boot: 2666,
            x: 2.5,
            y: 0.0,
            z: 0.0,
            x_velocity: 1.0,
            y_velocity: 0.0,
            z_velocity: 0.0,
            roll: 0.0,
            pitch: 0.0,
            yaw: 2.094395160675049,
            roll_speed: 0.0,
            pitch_speed: 0.0,
            yaw_speed: 3.1415927410125732
        }
10:00:54: [INFO] [C:\Users\ZhaoLo\projects\bootcamp\autonomy-2025-p2\tests\integration\test_telemetry.py | read_queue | 69] {
            time_since_boot: 3333,
            x: 3.0,
            y: 0.0,
            z: 0.0,
            x_velocity: 1.0,
            y_velocity: 0.0,
            z_velocity: 0.0,
            roll: 0.0,
            pitch: 0.0,
            yaw: -2.094395160675049,
            roll_speed: 0.0,
            pitch_speed: 0.0,
            yaw_speed: 3.1415927410125732
        }
10:00:55: [INFO] [C:\Users\ZhaoLo\projects\bootcamp\autonomy-2025-p2\tests\integration\test_telemetry.py | read_queue | 69] {
            time_since_boot: 3666,
            x: 3.5,
            y: 0.0,
            z: 0.0,
            x_velocity: 1.0,
            y_velocity: 0.0,
            z_velocity: 0.0,
            roll: 0.0,
            pitch: 0.0,
            yaw: -1.0471975803375244,
            roll_speed: 0.0,
            pitch_speed: 0.0,
            yaw_speed: 3.1415927410125732
        }
10:00:57: [INFO] [C:\Users\ZhaoLo\projects\bootcamp\autonomy-2025-p2\tests\integration\test_telemetry.py | read_queue | 69] {
            time_since_boot: 4333,
            x: 4.0,
            y: 0.0,
            z: 0.0,
            x_velocity: 1.0,
            y_velocity: 0.0,
            z_velocity: 0.0,
            roll: 0.0,
            pitch: 0.0,
            yaw: 1.0471975803375244,
            roll_speed: 0.0,
            pitch_speed: 0.0,
            yaw_speed: 3.1415927410125732
        }
10:00:58: [INFO] [C:\Users\ZhaoLo\projects\bootcamp\autonomy-2025-p2\tests\integration\test_telemetry.py | read_queue | 69] {
            time_since_boot: 4666,
            x: 4.5,
            y: 0.0,
            z: 0.0,
            x_velocity: 1.0,
            y_velocity: 0.0,
            z_velocity: 0.0,
            roll: 0.0,
            pitch: 0.0,
            yaw: 2.094395160675049,
            roll_speed: 0.0,
            pitch_speed: 0.0,
            yaw_speed: 3.1415927410125732
        }
10:00:59: [INFO] [C:\Users\ZhaoLo\projects\bootcamp\autonomy-2025-p2\tests\integration\test_telemetry.py | read_queue | 69] {
            time_since_boot: 111,
            x: 3.0,
            y: 2.0,
            z: 1.0,
            x_velocity: 777.0,
            y_velocity: 777.0,
            z_velocity: 777.0,
            roll: 0.0,
            pitch: 0.0,
            yaw: 0.0,
            roll_speed: 0.0,
            pitch_speed: 0.0,
            yaw_speed: 3.1415927410125732
        }
10:01:00: [INFO] [C:\Users\ZhaoLo\projects\bootcamp\autonomy-2025-p2\tests\integration\test_telemetry.py | read_queue | 69] {
            time_since_boot: 500,
            x: 0.0,
            y: 0.0,
            z: 0.0,
            x_velocity: 1.0,
            y_velocity: 0.0,
            z_velocity: 0.0,
            roll: 0.0,
            pitch: 0.0,
            yaw: 1.5707963705062866,
            roll_speed: 0.0,
            pitch_speed: 0.0,
            yaw_speed: 3.1415927410125732
        }
10:01:01: [INFO] [C:\Users\ZhaoLo\projects\bootcamp\autonomy-2025-p2\tests\integration\test_telemetry.py | read_queue | 69] {
            time_since_boot: 1000,
            x: 0.6666666865348816,
            y: 0.0,
            z: 0.0,
            x_velocity: 1.0,
            y_velocity: 0.0,
            z_velocity: 0.0,
            roll: 0.0,
            pitch: 0.0,
            yaw: 3.1415927410125732,
            roll_speed: 0.0,
            pitch_speed: 0.0,
            yaw_speed: 3.1415927410125732
        }
